make all --print-data-base --no-builtin-variables --no-builtin-rules --question
# GNU Make 4.3
# Built for x86_64-redhat-linux-gnu
# Copyright (C) 1988-2020 Free Software Foundation, Inc.
# License GPLv3+: GNU GPL version 3 or later <http://gnu.org/licenses/gpl.html>
# This is free software: you are free to change and redistribute it.
# There is NO WARRANTY, to the extent permitted by law.

# Make data base, printed on Sun May 22 20:44:28 2022

# Variables

# makefile (from 'Makefile', line 13)
OBJ := build/main.o build/app.o
# environment
GDK_BACKEND = x11
# environment
LC_ALL = C
# environment
NO_AT_BRIDGE = 1
# environment
LMOD_SETTARG_FULL_SUPPORT = no
# makefile (from 'Makefile', line 14)
COBJ := build/glad.o
# environment
STARSHIP_SESSION_KEY = 2624721428137503
# environment
GJS_DEBUG_OUTPUT = stderr
# environment
VSCODE_IPC_HOOK_EXTHOST = /run/user/1000/vscode-ipc-1123eb1e-f929-48c7-b1b6-ea8b5cccb027.sock
# makefile (from 'Makefile', line 12)
CFILES := ./src/glad.c
# environment
 
VSCODE_CWD = /home/kayla
# environment
GPG_TTY = not a tty
# environment
WINDOWPATH = 2
# environment
NVM_DIR = /home/kayla/.nvm
# environment
GDM_LANG = en_US.UTF-8
# default
MAKE_COMMAND := make
# environment
LMOD_ROOT = /usr/share/lmod
# automatic
@D = $(patsubst %/,%,$(dir $@))
# makefile (from 'Makefile', line 11)
CPPFILES := ./src/main.cxx ./src/app.cxx
# environment
VSCODE_HANDLES_UNCAUGHT_ERRORS = true
# default
.VARIABLES := 
# environment
PWD = /home/kayla/Programming/Cpp/graphics-moment
# automatic
%D = $(patsubst %/,%,$(dir $%))
# environment
HOSTNAME = jampy
# environment
MAIL = /var/spool/mail/kayla
# environment
STEAM_FRAME_FORCE_CLOSE = 1
# environment
XDG_DATA_DIRS = /home/kayla/.local/share/flatpak/exports/share:/var/lib/flatpak/exports/share:/usr/local/share/:/usr/share/
# environment
OLDPWD = /home/kayla
# automatic
^D = $(patsubst %/,%,$(dir $^))
# environment
VSCODE_LOG_STACK = false
# automatic
%F = $(notdir $%)
# environment
VSCODE_CODE_CACHE_PATH = /home/kayla/.config/Code/CachedData/c3511e6c69bb39013c4a4b7b9566ec1ca73fc4d5
# environment
LANG = C
# environment
XAUTHORITY = /run/user/1000/gdm/Xauthority
# default
.LOADED := 
# default
.INCLUDE_DIRS = /usr/include /usr/local/include /usr/include
# environment
LMOD_CMD = /usr/share/lmod/lmod/libexec/lmod
# makefile
MAKEFLAGS = pqrR
# makefile
CURDIR := /home/kayla/Programming/Cpp/graphics-moment
# environment
VSCODE_PIPE_LOGGING = true
# environment
APPLICATION_INSIGHTS_NO_DIAGNOSTIC_CHANNEL = 1
# environment
LMOD_DIR = /usr/share/lmod/lmod/libexec
# environment
LESSOPEN = ||/usr/bin/lesspipe.sh %s
# automatic
*D = $(patsubst %/,%,$(dir $*))
# environment
MFLAGS = -pqrR
# environment
SSH_AUTH_SOCK = /run/user/1000/keyring/ssh
# default
.SHELLFLAGS := -c
# environment
NVM_BIN = /home/kayla/.nvm/versions/node/v18.1.0/bin
# environment
HISTSIZE = 1000
# automatic
+D = $(patsubst %/,%,$(dir $+))
# environment
XDG_SESSION_DESKTOP = gnome-xorg
# makefile (from 'Makefile', line 1)
MAKEFILE_LIST := Makefile
# automatic
@F = $(notdir $@)
# environment
VSCODE_VERBOSE_LOGGING = true
# environment
VSCODE_PID = 20074
# environment
SDL_VIDEO_MINIMIZE_ON_FOCUS_LOSS = 0
# environment
XDG_SESSION_TYPE = x11
# automatic
?D = $(patsubst %/,%,$(dir $?))
# environment
SESSION_MANAGER = local/unix:@/tmp/.ICE-unix/2495,unix/unix:/tmp/.ICE-unix/2495
# automatic
*F = $(notdir $*)
# environment
MANPATH = /home/kayla/.nvm/versions/node/v18.1.0/share/man:/usr/share/lmod/lmod/share/man:
# environment
MODULEPATH = /etc/modulefiles:/usr/share/modulefiles:/usr/share/modulefiles/Linux:/usr/share/modulefiles/Core:/usr/share/lmod/lmod/modulefiles/Core
# environment
CHROME_DESKTOP = code-url-handler.desktop
# environment
DBUS_SESSION_BUS_ADDRESS = unix:path=/run/user/1000/bus
# automatic
<D = $(patsubst %/,%,$(dir $<))
# environment
VSCODE_NLS_CONFIG = {"locale":"en-us","availableLanguages":{},"_languagePackSupport":true}
# default
MAKE_HOST := x86_64-redhat-linux-gnu
# makefile
SHELL = /bin/sh
# default
MAKECMDGOALS := all
# environment
XMODIFIERS = @im=ibus
# environment
DOTNET_BUNDLE_EXTRACT_BASE_DIR = /home/kayla/.cache/dotnet_bundle_extract
# environment
GJS_DEBUG_TOPICS = JS ERROR;JS LOG
# environment
SHLVL = 0
# environment
MAKELEVEL := 0
# default
MAKE = $(MAKE_COMMAND)
# environment
PATH = /home/kayla/.nvm/versions/node/v18.1.0/bin:/usr/lib64/ccache:/home/kayla/.cargo/bin:/usr/local/bin:/usr/local/sbin:/usr/bin:/usr/sbin:/home/kayla/.dotnet/tools
# environment
MOZ_GMP_PATH = /usr/lib64/mozilla/plugins/gmp-gmpopenh264/system-installed
# default
MAKEFILES := 
# environment
MODULESHOME = /usr/share/lmod/lmod
# automatic
^F = $(notdir $^)
# environment
LMOD_sys = Linux
# environment
INVOCATION_ID = a1f81dc093e24176a76c9f4b7ca37050
# makefile (from 'Makefile', line 2)
CPP = g++
# environment
VSCODE_LOG_NATIVE = false
# environment
USERNAME = kayla
# automatic
?F = $(notdir $?)
# environment
XDG_CURRENT_DESKTOP = GNOME
# automatic
+F = $(notdir $+)
# environment
DESKTOP_SESSION = gnome-xorg
# environment
ORIGINAL_XDG_CURRENT_DESKTOP = GNOME
# 'override' directive
GNUMAKEFLAGS := 
# environment
LOGNAME = kayla
# makefile (from 'Makefile', line 4)
CPPFLAGS = -std=gnu++20 -O2 -g -Wstrict-aliasing
# environment
GIO_LAUNCHED_DESKTOP_FILE = /usr/share/applications/code.desktop
# environment
BASH_ENV = /usr/share/lmod/lmod/init/bash
# makefile
.DEFAULT_GOAL := all
# environment
SYSTEMD_EXEC_PID = 2551
# environment
MODULEPATH_ROOT = /usr/share/modulefiles
# environment
HISTCONTROL = ignoredups
# environment
EDITOR = /usr/bin/nano
# environment
DISPLAY = :0
# environment
USER = kayla
# default
MAKE_VERSION := 4.3
# 'override' directive
.SHELLSTATUS := 0
# makefile (from 'Makefile', line 5)
LDFLAGS = -lGL -lGLU -lglfw -lX11 -lXxf86vm -lXrandr -lpthread -lXi
# environment
MANAGERPID = 2268
# environment
which_declare = typeset -f
# environment
DEBUGINFOD_URLS = https://debuginfod.fedoraproject.org/ 
# environment
STARSHIP_SHELL = zsh
# environment
GIO_LAUNCHED_DESKTOP_FILE_PID = 20074
# environment
SSH_AGENT_PID = 2447
# environment
_ = /usr/bin/make
# makefile (from 'Makefile', line 9)
BIN = $(BUILDDIR)/graphics-moment
# environment
XDG_RUNTIME_DIR = /run/user/1000
# environment
NVM_CD_FLAGS = -q
# environment
JOURNAL_STREAM = 8:34331
# environment
XDG_SESSION_CLASS = user
# environment
VSCODE_AMD_ENTRYPOINT = vs/workbench/api/node/extensionHostProcess
# environment
HOME = /home/kayla
# environment
QT_IM_MODULE = ibus
# environment
ELECTRON_RUN_AS_NODE = 1
# environment
VSCODE_IPC_HOOK = /run/user/1000/vscode-bedeb6ad-1.67.2-main.sock
# makefile (from 'Makefile', line 7)
SRCDIR = src
# default
.RECIPEPREFIX := 
# automatic
<F = $(notdir $<)
# default
SUFFIXES := 
# environment
LMOD_PKG = /usr/share/lmod/lmod
# makefile (from 'Makefile', line 3)
STRIP = strip
# default
.FEATURES := target-specific order-only second-expansion else-if shortest-stem undefine oneshell nocomment grouped-target extra-prereqs archives jobserver output-sync check-symlink guile load
# makefile (from 'Makefile', line 1)
CC = gcc
# makefile (from 'Makefile', line 8)
BUILDDIR = build
# environment
XDG_MENU_PREFIX = gnome-
# environment
DOTNET_ROOT = /usr/lib64/dotnet
# environment
LMOD_VERSION = 8.6.11
# environment
GDMSESSION = gnome-xorg
# variable set hash-table stats:
# Load=135/1024=13%, Rehash=0, Collisions=7/190=4%

# Pattern-specific Variable Values

# No pattern-specific variable values.

# Directories

# src (device 40, inode 1679363): 6 files, no impossibilities.
# . (device 40, inode 1678962): 8 files, no impossibilities.

# 14 files, no impossibilities in 2 directories.

# Implicit Rules

build/%.o: src/%.cxx
#  recipe to execute (from 'Makefile', line 31):
	@echo "[CPP] $< | $@"
	@mkdir -p $(shell dirname $@)
	@$(CPP) $(CPPFLAGS) -c $< -o $@

build/%.o: src/%.c
#  recipe to execute (from 'Makefile', line 36):
	@echo "[C] $< | $@"
	@mkdir -p $(shell dirname $@)
	@$(CPP) $(CPPFLAGS) -c $< -o $@

# 2 implicit rules, 0 (0.0%) terminal.
# Files

# Not a target:
src/glad.c:
#  Implicit rule search has been done.
#  Last modified 2022-05-22 13:17:30.634524138
#  File has been updated.
#  Successfully updated.

# Not a target:
src/app.cxx:
#  Implicit rule search has been done.
#  Last modified 2022-05-22 20:42:55.692425209
#  File has been updated.
#  Successfully updated.

# Not a target:
Makefile:
#  Implicit rule search has been done.
#  Last modified 2022-05-22 20:44:19.632581763
#  File has been updated.
#  Successfully updated.

clean:
#  Phony target (prerequisite of .PHONY).
#  Implicit rule search has not been done.
#  File does not exist.
#  File has not been updated.
#  recipe to execute (from 'Makefile', line 41):
	rm -rf $(BUILDDIR)

# Not a target:
.DEFAULT:
#  Implicit rule search has not been done.
#  Modification time never checked.
#  File has not been updated.

all: build/graphics-moment
#  Phony target (prerequisite of .PHONY).
#  Command line target.
#  Implicit rule search has not been done.
#  File does not exist.
#  File has been updated.
#  Successfully updated.

build/glad.o: src/glad.c
 
#  Implicit rule search has been done.
#  Implicit/static pattern stem: 'glad'
#  Last modified 2022-05-22 20:44:21.35456446
#  File has been updated.
#  Successfully updated.
#  recipe to execute (from 'Makefile', line 36):
	@echo "[C] $< | $@"
	@mkdir -p $(shell dirname $@)
	@$(CPP) $(CPPFLAGS) -c $< -o $@

# Not a target:
src/main.cxx:
#  Implicit rule search has been done.
#  Last modified 2022-05-22 20:42:38.336599601
#  File has been updated.
#  Successfully updated.

test: build/graphics-moment
#  Phony target (prerequisite of .PHONY).
#  Implicit rule search has not been done.
#  File does not exist.
#  File has not been updated.
#  recipe to execute (from 'Makefile', line 21):
	@echo "[TEST] $@"
	@./$(BIN)

build/app.o: src/app.cxx
#  Implicit rule search has been done.
#  Implicit/static pattern stem: 'app'
#  Last modified 2022-05-22 20:42:56.763414448
#  File has been updated.
#  Successfully updated.
#  recipe to execute (from 'Makefile', line 31):
	@echo "[CPP] $< | $@"
	@mkdir -p $(shell dirname $@)
	@$(CPP) $(CPPFLAGS) -c $< -o $@

build/main.o: src/main.cxx
#  Implicit rule search has been done.
#  Implicit/static pattern stem: 'main'
#  Last modified 2022-05-22 20:42:56.422417875
#  File has been updated.
#  Successfully updated.
#  recipe to execute (from 'Makefile', line 31):
	@echo "[CPP] $< | $@"
	@mkdir -p $(shell dirname $@)
	@$(CPP) $(CPPFLAGS) -c $< -o $@

.PHONY: all test clean
#  Implicit rule search has not been done.
#  Modification time never checked.
#  File has not been updated.

build/graphics-moment: build/main.o build/app.o build/glad.o
#  Implicit rule search has not been done.
#  Last modified 2022-05-22 20:44:21.409563908
#  File has been updated.
#  Successfully updated.
#  recipe to execute (from 'Makefile', line 26):
	@echo "[LD] $@"
	@$(CPP) $(LDFLAGS) $^ -o $@

# files hash-table stats:
# Load=14/1024=1%, Rehash=0, Collisions=0/46=0%
# VPATH Search Paths

# No 'vpath' search paths.

# No general ('VPATH' variable) search path.

# strcache buffers: 1 (0) / strings = 34 / storage = 304 B / avg = 8 B
# current buf: size = 8162 B / used = 304 B / count = 34 / avg = 8 B

# strcache performance: lookups = 56 / hit rate = 39%
# hash-table stats:
# Load=34/8192=0%, Rehash=0, Collisions=0/56=0%
# Finished Make data base on Sun May 22 20:44:28 2022

 
